<?xml version="1.0" encoding="UTF-8"?>
<!-- Generated by org.testng.reporters.JUnitReportReporter -->
<testsuite hostname="DESKTOP-91HLLFP" failures="0" tests="3" name="testng.CustomerTest" time="0.029" errors="0" timestamp="2023-07-15T08:12:21 IST" skipped="0">
  <testcase classname="testng.CustomerTest" name="createCustomer" time="0.023"/>
  <system-out/>
  <testcase classname="testng.CustomerTest" name="modifyCustomer" time="0.002"/>
  <system-out/>
  <testcase classname="testng.CustomerTest" name="deleteCustomer" time="0.004"/>
  <system-out/>
</testsuite> <!-- testng.CustomerTest -->
