<?xml version="1.0" encoding="UTF-8"?>
<!-- Generated by org.testng.reporters.JUnitReportReporter -->
<testsuite hostname="DESKTOP-91HLLFP" failures="0" tests="3" name="testng.DataProviderPractice" time="0.013" errors="0" timestamp="2023-07-17T17:02:17 IST" skipped="0">
  <testcase classname="testng.DataProviderPractice" name="dataProviderDemo" time="0.001"/>
  <system-out/>
  <testcase classname="testng.DataProviderPractice" name="dataProviderDemo" time="0.001"/>
  <system-out/>
  <testcase classname="testng.DataProviderPractice" name="dataProviderDemo" time="0.011"/>
  <system-out/>
</testsuite> <!-- testng.DataProviderPractice -->
